Request received: {"username":"admin","email":"ramadhnkurniawan@gmail.com","password":"password"}
Request received: {"username":"rama","email":"examplle01@gmail.com","password":"1234"}
Request received: {"username":"rama","email":"examplle01@gmail.com","password":"12345678"}
Request received: {"username":"rama","email":"examplle01@gmail.com","password":"12345678"}
Request received: {"username":"rama","email":"examplle01@gmail.com","password":"12345678"}
Request received: {"username":"rama","email":"examplle01@gmail.com","password":"1234"}
Request received: 
Request received: 
Request received: {"username":"tete","email":"rma@gamil.com","password":"123"}
Request received: {"username":"TBSR107569","email":"ramasg@gmail.com","password":"123"}
Request received: {"username":"ramaw","email":"wewewe@gmail.com","password":"12"}
Request received: {"username":"ramadankurniawan","email":"qw@gmail.com","password":"1"}
Request received: {"username":"ramadhankurniawan","email":"admin@gmail.com","password":"1"}
Request received: {"username":"ramadhani kurniawan","email":"es@gmail.com","password":"1"}
Request received: {"username":"ramaq","email":"s@gmail.com","password":"1"}
Request received: {"username":"TBSR107579","email":"WW@gmail.com","password":"123"}
Request received: {"username":"A","email":"A@gmail.com","password":"1"}
Request received: {"username":"b","email":"b@gmail.com","password":"1"}
Request received: {"username":"c","email":"c@gmail.com","password":"1"}
Request received: {"username":"f","email":"f@gmail.com","password":"1"}
Request received: {"username":"g","email":"1@gmail.com","password":"1"}
Request received: {"username":"aa","email":"aa@gmail.com","password":"1"}
Request received: {"username":"e","email":"e@gmail.com","password":"1"}
Request received: {"username":"e","email":"e@gmail.com","password":"1"}
Request received: {"username":"e","email":"e@gmail.com","password":"1"}
Request received: {"username":"q","email":"t@gmail.com","password":"1"}
Request received: {"username":"r","email":"q@gamail.com","password":"1"}
Request received: {"username":"f","email":"f@gamail.com","password":"1"}
Request received: {"username":"b","email":"1@gmail.com","password":"1"}
Request received: {"username":"r","email":"ramadhnkurniawan@gmail.com","password":"1"}
Request received: {"username":"r1","email":"ramadhnkurniawan@gmail.com","password":"1"}
Request received: {"username":"ee","email":"e@gmail.com","password":"1"}
Request received: {"username":"d","email":"e@gmail.com","password":"1"}
Request received: {"username":"d","email":"l@gmail.com","password":"1"}
Request received: {"username":"apt","email":"v@gmail.com","password":"1"}
Request received: {"username":"1","email":"p@gmail.com","password":"1"}
Request received: {"username":"s","email":"super@owner","password":"1"}
Request received: {"username":"6","email":"6@gmail.com","password":"1"}
Request received: {"username":"o","email":"i@gmail.com","password":"1"}
Request received: {"username":"rama","email":"ramadhnkurniawan@gmail.com","password":"1234"}
Request received: {"username":"rama","email":"exmp@guru.com","password":"1234"}
Request received: {"username":"ddd","email":"wwwww@gmail.com","password":"1"}
Request received: {"username":"fff","email":"p@gmail.com","password":"1"}
Request received: {"username":"fff","email":"m@gmail.com","password":"1"}
Request received: {"username":"ADMIN","email":"ramadhnkurniawan@gmail.com","password":"1"}
Request received: {"username":"1","email":"1@gmail.com","password":"1"}
Request received: {"username":"a","email":"examplle01@gmail.com","password":"1"}
Request received: {"username":"s","email":"babi@gmail.com","password":"1"}
Request received: {"username":"b","email":"w@gmail.com","password":"1"}
Request received: {"username":"s","email":"s@gmail.com","password":"1"}
Request received: {"username":"u","email":"s@gmail.com","password":"1"}
Request received: {"username":"test","email":"t@gmail.com","password":"1"}
Request received: {"username":"rama","email":"rama@gmail.com","password":"1"}
Request received: {"username":"rama","email":"rama@gmail.com","password":"1"}
Request received: {"username":"rama","email":"rama@gmail.com","password":"1"}
Request received: {"username":"rama","email":"rama@gmail.com","password":"12345678"}
Request received: {"username":"admin","email":"ramadhnkurniawan@gmail.com","password":"1"}
Request received: {"username":"test","email":"t@gmail.com","password":"1"}
Request received: {"username":"RAMA","email":"kl@gmail.com","password":"1"}
Request received: {"username":"RAMA","email":"kl@gmail.com","password":"1w"}
Request received: {"username":"RAMA","email":"kl@gmail.com","password":"1w"}
Request received: {"username":"2","email":"admin4@aduankonten.teluapp.org","password":"505admin444"}
Request received: {"username":"rama","email":"y@gmail.com","password":"1"}
Request received: {"username":"w","email":"ww@gmail.com","password":"1"}
